[2023-03-06T22:32:24.386] [ERROR] error - JsonWebTokenError: jwt malformed
    at Object.module.exports [as verify] (/Users/yinghuanzhang/Vite/manger-Server/node_modules/jsonwebtoken/verify.js:70:17)
    at /Users/yinghuanzhang/Vite/manger-Server/app.js:41:20
    at dispatch (/Users/yinghuanzhang/Vite/manger-Server/node_modules/koa-router/node_modules/koa-compose/index.js:44:32)
    at next (/Users/yinghuanzhang/Vite/manger-Server/node_modules/koa-router/node_modules/koa-compose/index.js:45:18)
    at /Users/yinghuanzhang/Vite/manger-Server/node_modules/koa-router/lib/router.js:346:16
    at dispatch (/Users/yinghuanzhang/Vite/manger-Server/node_modules/koa-router/node_modules/koa-compose/index.js:44:32)
    at /Users/yinghuanzhang/Vite/manger-Server/node_modules/koa-router/node_modules/koa-compose/index.js:36:12
    at dispatch (/Users/yinghuanzhang/Vite/manger-Server/node_modules/koa-router/lib/router.js:351:31)
    at dispatch (/Users/yinghuanzhang/Vite/manger-Server/node_modules/koa-compose/index.js:42:32)
    at dispatch (/Users/yinghuanzhang/Vite/manger-Server/node_modules/koa-router/lib/router.js:332:32)
    at dispatch (/Users/yinghuanzhang/Vite/manger-Server/node_modules/koa-compose/index.js:42:32)
    at /Users/yinghuanzhang/Vite/manger-Server/app.js:35:9
    at dispatch (/Users/yinghuanzhang/Vite/manger-Server/node_modules/koa-compose/index.js:42:32)
    at views (/Users/yinghuanzhang/Vite/manger-Server/node_modules/koa-views/src/index.js:91:12)
    at dispatch (/Users/yinghuanzhang/Vite/manger-Server/node_modules/koa-compose/index.js:42:32)
    at serve (/Users/yinghuanzhang/Vite/manger-Server/node_modules/koa-static/index.js:53:15)
[2023-03-06T22:33:17.349] [ERROR] error - TokenExpiredError: jwt expired
    at /Users/yinghuanzhang/Vite/manger-Server/node_modules/jsonwebtoken/verify.js:190:21
    at getSecret (/Users/yinghuanzhang/Vite/manger-Server/node_modules/jsonwebtoken/verify.js:97:14)
    at Object.module.exports [as verify] (/Users/yinghuanzhang/Vite/manger-Server/node_modules/jsonwebtoken/verify.js:101:10)
    at /Users/yinghuanzhang/Vite/manger-Server/app.js:41:20
    at dispatch (/Users/yinghuanzhang/Vite/manger-Server/node_modules/koa-router/node_modules/koa-compose/index.js:44:32)
    at next (/Users/yinghuanzhang/Vite/manger-Server/node_modules/koa-router/node_modules/koa-compose/index.js:45:18)
    at /Users/yinghuanzhang/Vite/manger-Server/node_modules/koa-router/lib/router.js:346:16
    at dispatch (/Users/yinghuanzhang/Vite/manger-Server/node_modules/koa-router/node_modules/koa-compose/index.js:44:32)
    at /Users/yinghuanzhang/Vite/manger-Server/node_modules/koa-router/node_modules/koa-compose/index.js:36:12
    at dispatch (/Users/yinghuanzhang/Vite/manger-Server/node_modules/koa-router/lib/router.js:351:31)
    at dispatch (/Users/yinghuanzhang/Vite/manger-Server/node_modules/koa-compose/index.js:42:32)
    at dispatch (/Users/yinghuanzhang/Vite/manger-Server/node_modules/koa-router/lib/router.js:332:32)
    at dispatch (/Users/yinghuanzhang/Vite/manger-Server/node_modules/koa-compose/index.js:42:32)
    at /Users/yinghuanzhang/Vite/manger-Server/app.js:35:9
    at dispatch (/Users/yinghuanzhang/Vite/manger-Server/node_modules/koa-compose/index.js:42:32)
    at views (/Users/yinghuanzhang/Vite/manger-Server/node_modules/koa-views/src/index.js:91:12) {
  expiredAt: 2023-03-07T03:32:51.000Z
}
[2023-03-06T22:56:35.871] [ERROR] error - TokenExpiredError: jwt expired
    at /Users/yinghuanzhang/Vite/manger-Server/node_modules/jsonwebtoken/verify.js:190:21
    at getSecret (/Users/yinghuanzhang/Vite/manger-Server/node_modules/jsonwebtoken/verify.js:97:14)
    at Object.module.exports [as verify] (/Users/yinghuanzhang/Vite/manger-Server/node_modules/jsonwebtoken/verify.js:101:10)
    at /Users/yinghuanzhang/Vite/manger-Server/app.js:41:20
    at dispatch (/Users/yinghuanzhang/Vite/manger-Server/node_modules/koa-router/node_modules/koa-compose/index.js:44:32)
    at next (/Users/yinghuanzhang/Vite/manger-Server/node_modules/koa-router/node_modules/koa-compose/index.js:45:18)
    at /Users/yinghuanzhang/Vite/manger-Server/node_modules/koa-router/lib/router.js:346:16
    at dispatch (/Users/yinghuanzhang/Vite/manger-Server/node_modules/koa-router/node_modules/koa-compose/index.js:44:32)
    at /Users/yinghuanzhang/Vite/manger-Server/node_modules/koa-router/node_modules/koa-compose/index.js:36:12
    at dispatch (/Users/yinghuanzhang/Vite/manger-Server/node_modules/koa-router/lib/router.js:351:31)
    at dispatch (/Users/yinghuanzhang/Vite/manger-Server/node_modules/koa-compose/index.js:42:32)
    at dispatch (/Users/yinghuanzhang/Vite/manger-Server/node_modules/koa-router/lib/router.js:332:32)
    at dispatch (/Users/yinghuanzhang/Vite/manger-Server/node_modules/koa-compose/index.js:42:32)
    at /Users/yinghuanzhang/Vite/manger-Server/app.js:35:9
    at dispatch (/Users/yinghuanzhang/Vite/manger-Server/node_modules/koa-compose/index.js:42:32)
    at views (/Users/yinghuanzhang/Vite/manger-Server/node_modules/koa-views/src/index.js:91:12) {
  expiredAt: 2023-03-07T03:47:42.000Z
}
[2023-03-06T22:57:34.835] [ERROR] error - TokenExpiredError: jwt expired
    at /Users/yinghuanzhang/Vite/manger-Server/node_modules/jsonwebtoken/verify.js:190:21
    at getSecret (/Users/yinghuanzhang/Vite/manger-Server/node_modules/jsonwebtoken/verify.js:97:14)
    at Object.module.exports [as verify] (/Users/yinghuanzhang/Vite/manger-Server/node_modules/jsonwebtoken/verify.js:101:10)
    at /Users/yinghuanzhang/Vite/manger-Server/app.js:41:20
    at dispatch (/Users/yinghuanzhang/Vite/manger-Server/node_modules/koa-router/node_modules/koa-compose/index.js:44:32)
    at next (/Users/yinghuanzhang/Vite/manger-Server/node_modules/koa-router/node_modules/koa-compose/index.js:45:18)
    at /Users/yinghuanzhang/Vite/manger-Server/node_modules/koa-router/lib/router.js:346:16
    at dispatch (/Users/yinghuanzhang/Vite/manger-Server/node_modules/koa-router/node_modules/koa-compose/index.js:44:32)
    at /Users/yinghuanzhang/Vite/manger-Server/node_modules/koa-router/node_modules/koa-compose/index.js:36:12
    at dispatch (/Users/yinghuanzhang/Vite/manger-Server/node_modules/koa-router/lib/router.js:351:31)
    at dispatch (/Users/yinghuanzhang/Vite/manger-Server/node_modules/koa-compose/index.js:42:32)
    at dispatch (/Users/yinghuanzhang/Vite/manger-Server/node_modules/koa-router/lib/router.js:332:32)
    at dispatch (/Users/yinghuanzhang/Vite/manger-Server/node_modules/koa-compose/index.js:42:32)
    at /Users/yinghuanzhang/Vite/manger-Server/app.js:35:9
    at dispatch (/Users/yinghuanzhang/Vite/manger-Server/node_modules/koa-compose/index.js:42:32)
    at views (/Users/yinghuanzhang/Vite/manger-Server/node_modules/koa-views/src/index.js:91:12) {
  expiredAt: 2023-03-07T03:47:42.000Z
}
[2023-03-06T22:58:26.537] [ERROR] error - TokenExpiredError: jwt expired
    at /Users/yinghuanzhang/Vite/manger-Server/node_modules/jsonwebtoken/verify.js:190:21
    at getSecret (/Users/yinghuanzhang/Vite/manger-Server/node_modules/jsonwebtoken/verify.js:97:14)
    at Object.module.exports [as verify] (/Users/yinghuanzhang/Vite/manger-Server/node_modules/jsonwebtoken/verify.js:101:10)
    at /Users/yinghuanzhang/Vite/manger-Server/app.js:41:20
    at dispatch (/Users/yinghuanzhang/Vite/manger-Server/node_modules/koa-router/node_modules/koa-compose/index.js:44:32)
    at next (/Users/yinghuanzhang/Vite/manger-Server/node_modules/koa-router/node_modules/koa-compose/index.js:45:18)
    at /Users/yinghuanzhang/Vite/manger-Server/node_modules/koa-router/lib/router.js:346:16
    at dispatch (/Users/yinghuanzhang/Vite/manger-Server/node_modules/koa-router/node_modules/koa-compose/index.js:44:32)
    at /Users/yinghuanzhang/Vite/manger-Server/node_modules/koa-router/node_modules/koa-compose/index.js:36:12
    at dispatch (/Users/yinghuanzhang/Vite/manger-Server/node_modules/koa-router/lib/router.js:351:31)
    at dispatch (/Users/yinghuanzhang/Vite/manger-Server/node_modules/koa-compose/index.js:42:32)
    at dispatch (/Users/yinghuanzhang/Vite/manger-Server/node_modules/koa-router/lib/router.js:332:32)
    at dispatch (/Users/yinghuanzhang/Vite/manger-Server/node_modules/koa-compose/index.js:42:32)
    at /Users/yinghuanzhang/Vite/manger-Server/app.js:35:9
    at dispatch (/Users/yinghuanzhang/Vite/manger-Server/node_modules/koa-compose/index.js:42:32)
    at views (/Users/yinghuanzhang/Vite/manger-Server/node_modules/koa-views/src/index.js:91:12) {
  expiredAt: 2023-03-07T03:47:42.000Z
}
