[2023-03-07T08:53:43.089] [ERROR] error - JsonWebTokenError: jwt must be provided
    at Object.module.exports [as verify] (/Users/yinghuanzhang/Vite/manger-Server/node_modules/jsonwebtoken/verify.js:60:17)
    at /Users/yinghuanzhang/Vite/manger-Server/app.js:42:20
    at dispatch (/Users/yinghuanzhang/Vite/manger-Server/node_modules/koa-router/node_modules/koa-compose/index.js:44:32)
    at next (/Users/yinghuanzhang/Vite/manger-Server/node_modules/koa-router/node_modules/koa-compose/index.js:45:18)
    at /Users/yinghuanzhang/Vite/manger-Server/node_modules/koa-router/lib/router.js:346:16
    at dispatch (/Users/yinghuanzhang/Vite/manger-Server/node_modules/koa-router/node_modules/koa-compose/index.js:44:32)
    at /Users/yinghuanzhang/Vite/manger-Server/node_modules/koa-router/node_modules/koa-compose/index.js:36:12
    at dispatch (/Users/yinghuanzhang/Vite/manger-Server/node_modules/koa-router/lib/router.js:351:31)
    at dispatch (/Users/yinghuanzhang/Vite/manger-Server/node_modules/koa-compose/index.js:42:32)
    at dispatch (/Users/yinghuanzhang/Vite/manger-Server/node_modules/koa-router/lib/router.js:332:32)
    at dispatch (/Users/yinghuanzhang/Vite/manger-Server/node_modules/koa-compose/index.js:42:32)
    at /Users/yinghuanzhang/Vite/manger-Server/app.js:35:9
    at dispatch (/Users/yinghuanzhang/Vite/manger-Server/node_modules/koa-compose/index.js:42:32)
    at views (/Users/yinghuanzhang/Vite/manger-Server/node_modules/koa-views/src/index.js:91:12)
    at dispatch (/Users/yinghuanzhang/Vite/manger-Server/node_modules/koa-compose/index.js:42:32)
    at serve (/Users/yinghuanzhang/Vite/manger-Server/node_modules/koa-static/index.js:53:15)
[2023-03-07T08:53:45.762] [ERROR] error - JsonWebTokenError: jwt must be provided
    at Object.module.exports [as verify] (/Users/yinghuanzhang/Vite/manger-Server/node_modules/jsonwebtoken/verify.js:60:17)
    at /Users/yinghuanzhang/Vite/manger-Server/app.js:42:20
    at dispatch (/Users/yinghuanzhang/Vite/manger-Server/node_modules/koa-router/node_modules/koa-compose/index.js:44:32)
    at next (/Users/yinghuanzhang/Vite/manger-Server/node_modules/koa-router/node_modules/koa-compose/index.js:45:18)
    at /Users/yinghuanzhang/Vite/manger-Server/node_modules/koa-router/lib/router.js:346:16
    at dispatch (/Users/yinghuanzhang/Vite/manger-Server/node_modules/koa-router/node_modules/koa-compose/index.js:44:32)
    at /Users/yinghuanzhang/Vite/manger-Server/node_modules/koa-router/node_modules/koa-compose/index.js:36:12
    at dispatch (/Users/yinghuanzhang/Vite/manger-Server/node_modules/koa-router/lib/router.js:351:31)
    at dispatch (/Users/yinghuanzhang/Vite/manger-Server/node_modules/koa-compose/index.js:42:32)
    at dispatch (/Users/yinghuanzhang/Vite/manger-Server/node_modules/koa-router/lib/router.js:332:32)
    at dispatch (/Users/yinghuanzhang/Vite/manger-Server/node_modules/koa-compose/index.js:42:32)
    at /Users/yinghuanzhang/Vite/manger-Server/app.js:35:9
    at dispatch (/Users/yinghuanzhang/Vite/manger-Server/node_modules/koa-compose/index.js:42:32)
    at views (/Users/yinghuanzhang/Vite/manger-Server/node_modules/koa-views/src/index.js:91:12)
    at dispatch (/Users/yinghuanzhang/Vite/manger-Server/node_modules/koa-compose/index.js:42:32)
    at serve (/Users/yinghuanzhang/Vite/manger-Server/node_modules/koa-static/index.js:53:15)
[2023-03-07T08:53:54.358] [ERROR] error - JsonWebTokenError: jwt must be provided
    at Object.module.exports [as verify] (/Users/yinghuanzhang/Vite/manger-Server/node_modules/jsonwebtoken/verify.js:60:17)
    at /Users/yinghuanzhang/Vite/manger-Server/app.js:42:20
    at dispatch (/Users/yinghuanzhang/Vite/manger-Server/node_modules/koa-router/node_modules/koa-compose/index.js:44:32)
    at next (/Users/yinghuanzhang/Vite/manger-Server/node_modules/koa-router/node_modules/koa-compose/index.js:45:18)
    at /Users/yinghuanzhang/Vite/manger-Server/node_modules/koa-router/lib/router.js:346:16
    at dispatch (/Users/yinghuanzhang/Vite/manger-Server/node_modules/koa-router/node_modules/koa-compose/index.js:44:32)
    at /Users/yinghuanzhang/Vite/manger-Server/node_modules/koa-router/node_modules/koa-compose/index.js:36:12
    at dispatch (/Users/yinghuanzhang/Vite/manger-Server/node_modules/koa-router/lib/router.js:351:31)
    at dispatch (/Users/yinghuanzhang/Vite/manger-Server/node_modules/koa-compose/index.js:42:32)
    at dispatch (/Users/yinghuanzhang/Vite/manger-Server/node_modules/koa-router/lib/router.js:332:32)
    at dispatch (/Users/yinghuanzhang/Vite/manger-Server/node_modules/koa-compose/index.js:42:32)
    at /Users/yinghuanzhang/Vite/manger-Server/app.js:35:9
    at dispatch (/Users/yinghuanzhang/Vite/manger-Server/node_modules/koa-compose/index.js:42:32)
    at views (/Users/yinghuanzhang/Vite/manger-Server/node_modules/koa-views/src/index.js:91:12)
    at dispatch (/Users/yinghuanzhang/Vite/manger-Server/node_modules/koa-compose/index.js:42:32)
    at serve (/Users/yinghuanzhang/Vite/manger-Server/node_modules/koa-static/index.js:53:15)
[2023-03-07T08:56:50.947] [ERROR] error - JsonWebTokenError: jwt must be provided
    at Object.module.exports [as verify] (/Users/yinghuanzhang/Vite/manger-Server/node_modules/jsonwebtoken/verify.js:60:17)
    at /Users/yinghuanzhang/Vite/manger-Server/app.js:42:20
    at dispatch (/Users/yinghuanzhang/Vite/manger-Server/node_modules/koa-router/node_modules/koa-compose/index.js:44:32)
    at next (/Users/yinghuanzhang/Vite/manger-Server/node_modules/koa-router/node_modules/koa-compose/index.js:45:18)
    at /Users/yinghuanzhang/Vite/manger-Server/node_modules/koa-router/lib/router.js:346:16
    at dispatch (/Users/yinghuanzhang/Vite/manger-Server/node_modules/koa-router/node_modules/koa-compose/index.js:44:32)
    at /Users/yinghuanzhang/Vite/manger-Server/node_modules/koa-router/node_modules/koa-compose/index.js:36:12
    at dispatch (/Users/yinghuanzhang/Vite/manger-Server/node_modules/koa-router/lib/router.js:351:31)
    at dispatch (/Users/yinghuanzhang/Vite/manger-Server/node_modules/koa-compose/index.js:42:32)
    at dispatch (/Users/yinghuanzhang/Vite/manger-Server/node_modules/koa-router/lib/router.js:332:32)
    at dispatch (/Users/yinghuanzhang/Vite/manger-Server/node_modules/koa-compose/index.js:42:32)
    at /Users/yinghuanzhang/Vite/manger-Server/app.js:35:9
    at dispatch (/Users/yinghuanzhang/Vite/manger-Server/node_modules/koa-compose/index.js:42:32)
    at views (/Users/yinghuanzhang/Vite/manger-Server/node_modules/koa-views/src/index.js:91:12)
    at dispatch (/Users/yinghuanzhang/Vite/manger-Server/node_modules/koa-compose/index.js:42:32)
    at serve (/Users/yinghuanzhang/Vite/manger-Server/node_modules/koa-static/index.js:53:15)
[2023-03-07T08:57:17.232] [ERROR] error - JsonWebTokenError: jwt must be provided
    at Object.module.exports [as verify] (/Users/yinghuanzhang/Vite/manger-Server/node_modules/jsonwebtoken/verify.js:60:17)
    at /Users/yinghuanzhang/Vite/manger-Server/app.js:42:20
    at dispatch (/Users/yinghuanzhang/Vite/manger-Server/node_modules/koa-router/node_modules/koa-compose/index.js:44:32)
    at next (/Users/yinghuanzhang/Vite/manger-Server/node_modules/koa-router/node_modules/koa-compose/index.js:45:18)
    at /Users/yinghuanzhang/Vite/manger-Server/node_modules/koa-router/lib/router.js:346:16
    at dispatch (/Users/yinghuanzhang/Vite/manger-Server/node_modules/koa-router/node_modules/koa-compose/index.js:44:32)
    at /Users/yinghuanzhang/Vite/manger-Server/node_modules/koa-router/node_modules/koa-compose/index.js:36:12
    at dispatch (/Users/yinghuanzhang/Vite/manger-Server/node_modules/koa-router/lib/router.js:351:31)
    at dispatch (/Users/yinghuanzhang/Vite/manger-Server/node_modules/koa-compose/index.js:42:32)
    at dispatch (/Users/yinghuanzhang/Vite/manger-Server/node_modules/koa-router/lib/router.js:332:32)
    at dispatch (/Users/yinghuanzhang/Vite/manger-Server/node_modules/koa-compose/index.js:42:32)
    at /Users/yinghuanzhang/Vite/manger-Server/app.js:35:9
    at dispatch (/Users/yinghuanzhang/Vite/manger-Server/node_modules/koa-compose/index.js:42:32)
    at views (/Users/yinghuanzhang/Vite/manger-Server/node_modules/koa-views/src/index.js:91:12)
    at dispatch (/Users/yinghuanzhang/Vite/manger-Server/node_modules/koa-compose/index.js:42:32)
    at serve (/Users/yinghuanzhang/Vite/manger-Server/node_modules/koa-static/index.js:53:15)
[2023-03-07T08:57:58.192] [ERROR] error - JsonWebTokenError: jwt must be provided
    at Object.module.exports [as verify] (/Users/yinghuanzhang/Vite/manger-Server/node_modules/jsonwebtoken/verify.js:60:17)
    at /Users/yinghuanzhang/Vite/manger-Server/app.js:42:20
    at dispatch (/Users/yinghuanzhang/Vite/manger-Server/node_modules/koa-router/node_modules/koa-compose/index.js:44:32)
    at next (/Users/yinghuanzhang/Vite/manger-Server/node_modules/koa-router/node_modules/koa-compose/index.js:45:18)
    at /Users/yinghuanzhang/Vite/manger-Server/node_modules/koa-router/lib/router.js:346:16
    at dispatch (/Users/yinghuanzhang/Vite/manger-Server/node_modules/koa-router/node_modules/koa-compose/index.js:44:32)
    at /Users/yinghuanzhang/Vite/manger-Server/node_modules/koa-router/node_modules/koa-compose/index.js:36:12
    at dispatch (/Users/yinghuanzhang/Vite/manger-Server/node_modules/koa-router/lib/router.js:351:31)
    at dispatch (/Users/yinghuanzhang/Vite/manger-Server/node_modules/koa-compose/index.js:42:32)
    at dispatch (/Users/yinghuanzhang/Vite/manger-Server/node_modules/koa-router/lib/router.js:332:32)
    at dispatch (/Users/yinghuanzhang/Vite/manger-Server/node_modules/koa-compose/index.js:42:32)
    at /Users/yinghuanzhang/Vite/manger-Server/app.js:35:9
    at dispatch (/Users/yinghuanzhang/Vite/manger-Server/node_modules/koa-compose/index.js:42:32)
    at views (/Users/yinghuanzhang/Vite/manger-Server/node_modules/koa-views/src/index.js:91:12)
    at dispatch (/Users/yinghuanzhang/Vite/manger-Server/node_modules/koa-compose/index.js:42:32)
    at serve (/Users/yinghuanzhang/Vite/manger-Server/node_modules/koa-static/index.js:53:15)
[2023-03-07T09:02:15.853] [ERROR] error - JsonWebTokenError: jwt must be provided
    at Object.module.exports [as verify] (/Users/yinghuanzhang/Vite/manger-Server/node_modules/jsonwebtoken/verify.js:60:17)
    at /Users/yinghuanzhang/Vite/manger-Server/app.js:42:20
    at dispatch (/Users/yinghuanzhang/Vite/manger-Server/node_modules/koa-router/node_modules/koa-compose/index.js:44:32)
    at next (/Users/yinghuanzhang/Vite/manger-Server/node_modules/koa-router/node_modules/koa-compose/index.js:45:18)
    at /Users/yinghuanzhang/Vite/manger-Server/node_modules/koa-router/lib/router.js:346:16
    at dispatch (/Users/yinghuanzhang/Vite/manger-Server/node_modules/koa-router/node_modules/koa-compose/index.js:44:32)
    at /Users/yinghuanzhang/Vite/manger-Server/node_modules/koa-router/node_modules/koa-compose/index.js:36:12
    at dispatch (/Users/yinghuanzhang/Vite/manger-Server/node_modules/koa-router/lib/router.js:351:31)
    at dispatch (/Users/yinghuanzhang/Vite/manger-Server/node_modules/koa-compose/index.js:42:32)
    at dispatch (/Users/yinghuanzhang/Vite/manger-Server/node_modules/koa-router/lib/router.js:332:32)
    at dispatch (/Users/yinghuanzhang/Vite/manger-Server/node_modules/koa-compose/index.js:42:32)
    at /Users/yinghuanzhang/Vite/manger-Server/app.js:35:9
    at dispatch (/Users/yinghuanzhang/Vite/manger-Server/node_modules/koa-compose/index.js:42:32)
    at views (/Users/yinghuanzhang/Vite/manger-Server/node_modules/koa-views/src/index.js:91:12)
    at dispatch (/Users/yinghuanzhang/Vite/manger-Server/node_modules/koa-compose/index.js:42:32)
    at serve (/Users/yinghuanzhang/Vite/manger-Server/node_modules/koa-static/index.js:53:15)
[2023-03-07T09:05:45.501] [ERROR] error - JsonWebTokenError: jwt must be provided
    at Object.module.exports [as verify] (/Users/yinghuanzhang/Vite/manger-Server/node_modules/jsonwebtoken/verify.js:60:17)
    at /Users/yinghuanzhang/Vite/manger-Server/app.js:42:20
    at dispatch (/Users/yinghuanzhang/Vite/manger-Server/node_modules/koa-router/node_modules/koa-compose/index.js:44:32)
    at next (/Users/yinghuanzhang/Vite/manger-Server/node_modules/koa-router/node_modules/koa-compose/index.js:45:18)
    at /Users/yinghuanzhang/Vite/manger-Server/node_modules/koa-router/lib/router.js:346:16
    at dispatch (/Users/yinghuanzhang/Vite/manger-Server/node_modules/koa-router/node_modules/koa-compose/index.js:44:32)
    at /Users/yinghuanzhang/Vite/manger-Server/node_modules/koa-router/node_modules/koa-compose/index.js:36:12
    at dispatch (/Users/yinghuanzhang/Vite/manger-Server/node_modules/koa-router/lib/router.js:351:31)
    at dispatch (/Users/yinghuanzhang/Vite/manger-Server/node_modules/koa-compose/index.js:42:32)
    at dispatch (/Users/yinghuanzhang/Vite/manger-Server/node_modules/koa-router/lib/router.js:332:32)
    at dispatch (/Users/yinghuanzhang/Vite/manger-Server/node_modules/koa-compose/index.js:42:32)
    at /Users/yinghuanzhang/Vite/manger-Server/app.js:35:9
    at dispatch (/Users/yinghuanzhang/Vite/manger-Server/node_modules/koa-compose/index.js:42:32)
    at views (/Users/yinghuanzhang/Vite/manger-Server/node_modules/koa-views/src/index.js:91:12)
    at dispatch (/Users/yinghuanzhang/Vite/manger-Server/node_modules/koa-compose/index.js:42:32)
    at serve (/Users/yinghuanzhang/Vite/manger-Server/node_modules/koa-static/index.js:53:15)
[2023-03-07T09:06:04.871] [ERROR] error - TypeError: Cannot read property 'split' of undefined
    at /Users/yinghuanzhang/Vite/manger-Server/app.js:41:55
    at dispatch (/Users/yinghuanzhang/Vite/manger-Server/node_modules/koa-router/node_modules/koa-compose/index.js:44:32)
    at next (/Users/yinghuanzhang/Vite/manger-Server/node_modules/koa-router/node_modules/koa-compose/index.js:45:18)
    at /Users/yinghuanzhang/Vite/manger-Server/node_modules/koa-router/lib/router.js:346:16
    at dispatch (/Users/yinghuanzhang/Vite/manger-Server/node_modules/koa-router/node_modules/koa-compose/index.js:44:32)
    at /Users/yinghuanzhang/Vite/manger-Server/node_modules/koa-router/node_modules/koa-compose/index.js:36:12
    at dispatch (/Users/yinghuanzhang/Vite/manger-Server/node_modules/koa-router/lib/router.js:351:31)
    at dispatch (/Users/yinghuanzhang/Vite/manger-Server/node_modules/koa-compose/index.js:42:32)
    at dispatch (/Users/yinghuanzhang/Vite/manger-Server/node_modules/koa-router/lib/router.js:332:32)
    at dispatch (/Users/yinghuanzhang/Vite/manger-Server/node_modules/koa-compose/index.js:42:32)
    at /Users/yinghuanzhang/Vite/manger-Server/app.js:35:9
    at dispatch (/Users/yinghuanzhang/Vite/manger-Server/node_modules/koa-compose/index.js:42:32)
    at views (/Users/yinghuanzhang/Vite/manger-Server/node_modules/koa-views/src/index.js:91:12)
    at dispatch (/Users/yinghuanzhang/Vite/manger-Server/node_modules/koa-compose/index.js:42:32)
    at serve (/Users/yinghuanzhang/Vite/manger-Server/node_modules/koa-static/index.js:53:15)
    at async logger (/Users/yinghuanzhang/Vite/manger-Server/node_modules/koa-logger/index.js:67:7)
[2023-03-07T09:16:24.232] [ERROR] error - JsonWebTokenError: jwt must be provided
    at Object.module.exports [as verify] (/Users/yinghuanzhang/Vite/manger-Server/node_modules/jsonwebtoken/verify.js:60:17)
    at /Users/yinghuanzhang/Vite/manger-Server/app.js:42:20
    at dispatch (/Users/yinghuanzhang/Vite/manger-Server/node_modules/koa-router/node_modules/koa-compose/index.js:44:32)
    at next (/Users/yinghuanzhang/Vite/manger-Server/node_modules/koa-router/node_modules/koa-compose/index.js:45:18)
    at /Users/yinghuanzhang/Vite/manger-Server/node_modules/koa-router/lib/router.js:346:16
    at dispatch (/Users/yinghuanzhang/Vite/manger-Server/node_modules/koa-router/node_modules/koa-compose/index.js:44:32)
    at /Users/yinghuanzhang/Vite/manger-Server/node_modules/koa-router/node_modules/koa-compose/index.js:36:12
    at dispatch (/Users/yinghuanzhang/Vite/manger-Server/node_modules/koa-router/lib/router.js:351:31)
    at dispatch (/Users/yinghuanzhang/Vite/manger-Server/node_modules/koa-compose/index.js:42:32)
    at dispatch (/Users/yinghuanzhang/Vite/manger-Server/node_modules/koa-router/lib/router.js:332:32)
    at dispatch (/Users/yinghuanzhang/Vite/manger-Server/node_modules/koa-compose/index.js:42:32)
    at /Users/yinghuanzhang/Vite/manger-Server/app.js:35:9
    at dispatch (/Users/yinghuanzhang/Vite/manger-Server/node_modules/koa-compose/index.js:42:32)
    at views (/Users/yinghuanzhang/Vite/manger-Server/node_modules/koa-views/src/index.js:91:12)
    at dispatch (/Users/yinghuanzhang/Vite/manger-Server/node_modules/koa-compose/index.js:42:32)
    at serve (/Users/yinghuanzhang/Vite/manger-Server/node_modules/koa-static/index.js:53:15)
[2023-03-07T09:20:14.480] [ERROR] error - JsonWebTokenError: jwt must be provided
    at Object.module.exports [as verify] (/Users/yinghuanzhang/Vite/manger-Server/node_modules/jsonwebtoken/verify.js:60:17)
    at /Users/yinghuanzhang/Vite/manger-Server/app.js:42:20
    at dispatch (/Users/yinghuanzhang/Vite/manger-Server/node_modules/koa-router/node_modules/koa-compose/index.js:44:32)
    at next (/Users/yinghuanzhang/Vite/manger-Server/node_modules/koa-router/node_modules/koa-compose/index.js:45:18)
    at /Users/yinghuanzhang/Vite/manger-Server/node_modules/koa-router/lib/router.js:346:16
    at dispatch (/Users/yinghuanzhang/Vite/manger-Server/node_modules/koa-router/node_modules/koa-compose/index.js:44:32)
    at /Users/yinghuanzhang/Vite/manger-Server/node_modules/koa-router/node_modules/koa-compose/index.js:36:12
    at dispatch (/Users/yinghuanzhang/Vite/manger-Server/node_modules/koa-router/lib/router.js:351:31)
    at dispatch (/Users/yinghuanzhang/Vite/manger-Server/node_modules/koa-compose/index.js:42:32)
    at dispatch (/Users/yinghuanzhang/Vite/manger-Server/node_modules/koa-router/lib/router.js:332:32)
    at dispatch (/Users/yinghuanzhang/Vite/manger-Server/node_modules/koa-compose/index.js:42:32)
    at /Users/yinghuanzhang/Vite/manger-Server/app.js:35:9
    at dispatch (/Users/yinghuanzhang/Vite/manger-Server/node_modules/koa-compose/index.js:42:32)
    at views (/Users/yinghuanzhang/Vite/manger-Server/node_modules/koa-views/src/index.js:91:12)
    at dispatch (/Users/yinghuanzhang/Vite/manger-Server/node_modules/koa-compose/index.js:42:32)
    at serve (/Users/yinghuanzhang/Vite/manger-Server/node_modules/koa-static/index.js:53:15)
[2023-03-07T09:22:57.991] [ERROR] error - JsonWebTokenError: jwt must be provided
    at Object.module.exports [as verify] (/Users/yinghuanzhang/Vite/manger-Server/node_modules/jsonwebtoken/verify.js:60:17)
    at /Users/yinghuanzhang/Vite/manger-Server/app.js:42:20
    at dispatch (/Users/yinghuanzhang/Vite/manger-Server/node_modules/koa-router/node_modules/koa-compose/index.js:44:32)
    at next (/Users/yinghuanzhang/Vite/manger-Server/node_modules/koa-router/node_modules/koa-compose/index.js:45:18)
    at /Users/yinghuanzhang/Vite/manger-Server/node_modules/koa-router/lib/router.js:346:16
    at dispatch (/Users/yinghuanzhang/Vite/manger-Server/node_modules/koa-router/node_modules/koa-compose/index.js:44:32)
    at /Users/yinghuanzhang/Vite/manger-Server/node_modules/koa-router/node_modules/koa-compose/index.js:36:12
    at dispatch (/Users/yinghuanzhang/Vite/manger-Server/node_modules/koa-router/lib/router.js:351:31)
    at dispatch (/Users/yinghuanzhang/Vite/manger-Server/node_modules/koa-compose/index.js:42:32)
    at dispatch (/Users/yinghuanzhang/Vite/manger-Server/node_modules/koa-router/lib/router.js:332:32)
    at dispatch (/Users/yinghuanzhang/Vite/manger-Server/node_modules/koa-compose/index.js:42:32)
    at /Users/yinghuanzhang/Vite/manger-Server/app.js:35:9
    at dispatch (/Users/yinghuanzhang/Vite/manger-Server/node_modules/koa-compose/index.js:42:32)
    at views (/Users/yinghuanzhang/Vite/manger-Server/node_modules/koa-views/src/index.js:91:12)
    at dispatch (/Users/yinghuanzhang/Vite/manger-Server/node_modules/koa-compose/index.js:42:32)
    at serve (/Users/yinghuanzhang/Vite/manger-Server/node_modules/koa-static/index.js:53:15)
[2023-03-07T09:26:26.428] [ERROR] error - JsonWebTokenError: jwt must be provided
    at Object.module.exports [as verify] (/Users/yinghuanzhang/Vite/manger-Server/node_modules/jsonwebtoken/verify.js:60:17)
    at /Users/yinghuanzhang/Vite/manger-Server/app.js:42:20
    at dispatch (/Users/yinghuanzhang/Vite/manger-Server/node_modules/koa-router/node_modules/koa-compose/index.js:44:32)
    at next (/Users/yinghuanzhang/Vite/manger-Server/node_modules/koa-router/node_modules/koa-compose/index.js:45:18)
    at /Users/yinghuanzhang/Vite/manger-Server/node_modules/koa-router/lib/router.js:346:16
    at dispatch (/Users/yinghuanzhang/Vite/manger-Server/node_modules/koa-router/node_modules/koa-compose/index.js:44:32)
    at /Users/yinghuanzhang/Vite/manger-Server/node_modules/koa-router/node_modules/koa-compose/index.js:36:12
    at dispatch (/Users/yinghuanzhang/Vite/manger-Server/node_modules/koa-router/lib/router.js:351:31)
    at dispatch (/Users/yinghuanzhang/Vite/manger-Server/node_modules/koa-compose/index.js:42:32)
    at dispatch (/Users/yinghuanzhang/Vite/manger-Server/node_modules/koa-router/lib/router.js:332:32)
    at dispatch (/Users/yinghuanzhang/Vite/manger-Server/node_modules/koa-compose/index.js:42:32)
    at /Users/yinghuanzhang/Vite/manger-Server/app.js:35:9
    at dispatch (/Users/yinghuanzhang/Vite/manger-Server/node_modules/koa-compose/index.js:42:32)
    at views (/Users/yinghuanzhang/Vite/manger-Server/node_modules/koa-views/src/index.js:91:12)
    at dispatch (/Users/yinghuanzhang/Vite/manger-Server/node_modules/koa-compose/index.js:42:32)
    at serve (/Users/yinghuanzhang/Vite/manger-Server/node_modules/koa-static/index.js:53:15)
[2023-03-07T09:29:41.828] [ERROR] error - JsonWebTokenError: jwt must be provided
    at Object.module.exports [as verify] (/Users/yinghuanzhang/Vite/manger-Server/node_modules/jsonwebtoken/verify.js:60:17)
    at /Users/yinghuanzhang/Vite/manger-Server/app.js:42:20
    at dispatch (/Users/yinghuanzhang/Vite/manger-Server/node_modules/koa-router/node_modules/koa-compose/index.js:44:32)
    at next (/Users/yinghuanzhang/Vite/manger-Server/node_modules/koa-router/node_modules/koa-compose/index.js:45:18)
    at /Users/yinghuanzhang/Vite/manger-Server/node_modules/koa-router/lib/router.js:346:16
    at dispatch (/Users/yinghuanzhang/Vite/manger-Server/node_modules/koa-router/node_modules/koa-compose/index.js:44:32)
    at /Users/yinghuanzhang/Vite/manger-Server/node_modules/koa-router/node_modules/koa-compose/index.js:36:12
    at dispatch (/Users/yinghuanzhang/Vite/manger-Server/node_modules/koa-router/lib/router.js:351:31)
    at dispatch (/Users/yinghuanzhang/Vite/manger-Server/node_modules/koa-compose/index.js:42:32)
    at dispatch (/Users/yinghuanzhang/Vite/manger-Server/node_modules/koa-router/lib/router.js:332:32)
    at dispatch (/Users/yinghuanzhang/Vite/manger-Server/node_modules/koa-compose/index.js:42:32)
    at /Users/yinghuanzhang/Vite/manger-Server/app.js:35:9
    at dispatch (/Users/yinghuanzhang/Vite/manger-Server/node_modules/koa-compose/index.js:42:32)
    at views (/Users/yinghuanzhang/Vite/manger-Server/node_modules/koa-views/src/index.js:91:12)
    at dispatch (/Users/yinghuanzhang/Vite/manger-Server/node_modules/koa-compose/index.js:42:32)
    at serve (/Users/yinghuanzhang/Vite/manger-Server/node_modules/koa-static/index.js:53:15)
[2023-03-07T09:29:51.237] [ERROR] error - JsonWebTokenError: jwt must be provided
    at Object.module.exports [as verify] (/Users/yinghuanzhang/Vite/manger-Server/node_modules/jsonwebtoken/verify.js:60:17)
    at /Users/yinghuanzhang/Vite/manger-Server/app.js:42:20
    at dispatch (/Users/yinghuanzhang/Vite/manger-Server/node_modules/koa-router/node_modules/koa-compose/index.js:44:32)
    at next (/Users/yinghuanzhang/Vite/manger-Server/node_modules/koa-router/node_modules/koa-compose/index.js:45:18)
    at /Users/yinghuanzhang/Vite/manger-Server/node_modules/koa-router/lib/router.js:346:16
    at dispatch (/Users/yinghuanzhang/Vite/manger-Server/node_modules/koa-router/node_modules/koa-compose/index.js:44:32)
    at /Users/yinghuanzhang/Vite/manger-Server/node_modules/koa-router/node_modules/koa-compose/index.js:36:12
    at dispatch (/Users/yinghuanzhang/Vite/manger-Server/node_modules/koa-router/lib/router.js:351:31)
    at dispatch (/Users/yinghuanzhang/Vite/manger-Server/node_modules/koa-compose/index.js:42:32)
    at dispatch (/Users/yinghuanzhang/Vite/manger-Server/node_modules/koa-router/lib/router.js:332:32)
    at dispatch (/Users/yinghuanzhang/Vite/manger-Server/node_modules/koa-compose/index.js:42:32)
    at /Users/yinghuanzhang/Vite/manger-Server/app.js:35:9
    at dispatch (/Users/yinghuanzhang/Vite/manger-Server/node_modules/koa-compose/index.js:42:32)
    at views (/Users/yinghuanzhang/Vite/manger-Server/node_modules/koa-views/src/index.js:91:12)
    at dispatch (/Users/yinghuanzhang/Vite/manger-Server/node_modules/koa-compose/index.js:42:32)
    at serve (/Users/yinghuanzhang/Vite/manger-Server/node_modules/koa-static/index.js:53:15)
[2023-03-07T09:30:44.376] [ERROR] error - JsonWebTokenError: jwt must be provided
    at Object.module.exports [as verify] (/Users/yinghuanzhang/Vite/manger-Server/node_modules/jsonwebtoken/verify.js:60:17)
    at /Users/yinghuanzhang/Vite/manger-Server/app.js:42:20
    at dispatch (/Users/yinghuanzhang/Vite/manger-Server/node_modules/koa-router/node_modules/koa-compose/index.js:44:32)
    at next (/Users/yinghuanzhang/Vite/manger-Server/node_modules/koa-router/node_modules/koa-compose/index.js:45:18)
    at /Users/yinghuanzhang/Vite/manger-Server/node_modules/koa-router/lib/router.js:346:16
    at dispatch (/Users/yinghuanzhang/Vite/manger-Server/node_modules/koa-router/node_modules/koa-compose/index.js:44:32)
    at /Users/yinghuanzhang/Vite/manger-Server/node_modules/koa-router/node_modules/koa-compose/index.js:36:12
    at dispatch (/Users/yinghuanzhang/Vite/manger-Server/node_modules/koa-router/lib/router.js:351:31)
    at dispatch (/Users/yinghuanzhang/Vite/manger-Server/node_modules/koa-compose/index.js:42:32)
    at dispatch (/Users/yinghuanzhang/Vite/manger-Server/node_modules/koa-router/lib/router.js:332:32)
    at dispatch (/Users/yinghuanzhang/Vite/manger-Server/node_modules/koa-compose/index.js:42:32)
    at /Users/yinghuanzhang/Vite/manger-Server/app.js:35:9
    at dispatch (/Users/yinghuanzhang/Vite/manger-Server/node_modules/koa-compose/index.js:42:32)
    at views (/Users/yinghuanzhang/Vite/manger-Server/node_modules/koa-views/src/index.js:91:12)
    at dispatch (/Users/yinghuanzhang/Vite/manger-Server/node_modules/koa-compose/index.js:42:32)
    at serve (/Users/yinghuanzhang/Vite/manger-Server/node_modules/koa-static/index.js:53:15)
[2023-03-07T09:35:26.119] [ERROR] error - JsonWebTokenError: jwt must be provided
    at Object.module.exports [as verify] (/Users/yinghuanzhang/Vite/manger-Server/node_modules/jsonwebtoken/verify.js:60:17)
    at /Users/yinghuanzhang/Vite/manger-Server/app.js:43:20
    at dispatch (/Users/yinghuanzhang/Vite/manger-Server/node_modules/koa-router/node_modules/koa-compose/index.js:44:32)
    at next (/Users/yinghuanzhang/Vite/manger-Server/node_modules/koa-router/node_modules/koa-compose/index.js:45:18)
    at /Users/yinghuanzhang/Vite/manger-Server/node_modules/koa-router/lib/router.js:346:16
    at dispatch (/Users/yinghuanzhang/Vite/manger-Server/node_modules/koa-router/node_modules/koa-compose/index.js:44:32)
    at /Users/yinghuanzhang/Vite/manger-Server/node_modules/koa-router/node_modules/koa-compose/index.js:36:12
    at dispatch (/Users/yinghuanzhang/Vite/manger-Server/node_modules/koa-router/lib/router.js:351:31)
    at dispatch (/Users/yinghuanzhang/Vite/manger-Server/node_modules/koa-compose/index.js:42:32)
    at dispatch (/Users/yinghuanzhang/Vite/manger-Server/node_modules/koa-router/lib/router.js:332:32)
    at dispatch (/Users/yinghuanzhang/Vite/manger-Server/node_modules/koa-compose/index.js:42:32)
    at /Users/yinghuanzhang/Vite/manger-Server/app.js:35:9
    at dispatch (/Users/yinghuanzhang/Vite/manger-Server/node_modules/koa-compose/index.js:42:32)
    at views (/Users/yinghuanzhang/Vite/manger-Server/node_modules/koa-views/src/index.js:91:12)
    at dispatch (/Users/yinghuanzhang/Vite/manger-Server/node_modules/koa-compose/index.js:42:32)
    at serve (/Users/yinghuanzhang/Vite/manger-Server/node_modules/koa-static/index.js:53:15)
[2023-03-07T09:36:45.609] [ERROR] error - JsonWebTokenError: jwt must be provided
    at Object.module.exports [as verify] (/Users/yinghuanzhang/Vite/manger-Server/node_modules/jsonwebtoken/verify.js:60:17)
    at /Users/yinghuanzhang/Vite/manger-Server/app.js:43:20
    at dispatch (/Users/yinghuanzhang/Vite/manger-Server/node_modules/koa-router/node_modules/koa-compose/index.js:44:32)
    at next (/Users/yinghuanzhang/Vite/manger-Server/node_modules/koa-router/node_modules/koa-compose/index.js:45:18)
    at /Users/yinghuanzhang/Vite/manger-Server/node_modules/koa-router/lib/router.js:346:16
    at dispatch (/Users/yinghuanzhang/Vite/manger-Server/node_modules/koa-router/node_modules/koa-compose/index.js:44:32)
    at /Users/yinghuanzhang/Vite/manger-Server/node_modules/koa-router/node_modules/koa-compose/index.js:36:12
    at dispatch (/Users/yinghuanzhang/Vite/manger-Server/node_modules/koa-router/lib/router.js:351:31)
    at dispatch (/Users/yinghuanzhang/Vite/manger-Server/node_modules/koa-compose/index.js:42:32)
    at dispatch (/Users/yinghuanzhang/Vite/manger-Server/node_modules/koa-router/lib/router.js:332:32)
    at dispatch (/Users/yinghuanzhang/Vite/manger-Server/node_modules/koa-compose/index.js:42:32)
    at /Users/yinghuanzhang/Vite/manger-Server/app.js:35:9
    at dispatch (/Users/yinghuanzhang/Vite/manger-Server/node_modules/koa-compose/index.js:42:32)
    at views (/Users/yinghuanzhang/Vite/manger-Server/node_modules/koa-views/src/index.js:91:12)
    at dispatch (/Users/yinghuanzhang/Vite/manger-Server/node_modules/koa-compose/index.js:42:32)
    at serve (/Users/yinghuanzhang/Vite/manger-Server/node_modules/koa-static/index.js:53:15)
[2023-03-07T09:39:51.708] [ERROR] error - JsonWebTokenError: jwt must be provided
    at Object.module.exports [as verify] (/Users/yinghuanzhang/Vite/manger-Server/node_modules/jsonwebtoken/verify.js:60:17)
    at /Users/yinghuanzhang/Vite/manger-Server/app.js:43:20
    at dispatch (/Users/yinghuanzhang/Vite/manger-Server/node_modules/koa-router/node_modules/koa-compose/index.js:44:32)
    at next (/Users/yinghuanzhang/Vite/manger-Server/node_modules/koa-router/node_modules/koa-compose/index.js:45:18)
    at /Users/yinghuanzhang/Vite/manger-Server/node_modules/koa-router/lib/router.js:346:16
    at dispatch (/Users/yinghuanzhang/Vite/manger-Server/node_modules/koa-router/node_modules/koa-compose/index.js:44:32)
    at /Users/yinghuanzhang/Vite/manger-Server/node_modules/koa-router/node_modules/koa-compose/index.js:36:12
    at dispatch (/Users/yinghuanzhang/Vite/manger-Server/node_modules/koa-router/lib/router.js:351:31)
    at dispatch (/Users/yinghuanzhang/Vite/manger-Server/node_modules/koa-compose/index.js:42:32)
    at dispatch (/Users/yinghuanzhang/Vite/manger-Server/node_modules/koa-router/lib/router.js:332:32)
    at dispatch (/Users/yinghuanzhang/Vite/manger-Server/node_modules/koa-compose/index.js:42:32)
    at /Users/yinghuanzhang/Vite/manger-Server/app.js:35:9
    at dispatch (/Users/yinghuanzhang/Vite/manger-Server/node_modules/koa-compose/index.js:42:32)
    at views (/Users/yinghuanzhang/Vite/manger-Server/node_modules/koa-views/src/index.js:91:12)
    at dispatch (/Users/yinghuanzhang/Vite/manger-Server/node_modules/koa-compose/index.js:42:32)
    at serve (/Users/yinghuanzhang/Vite/manger-Server/node_modules/koa-static/index.js:53:15)
[2023-03-07T09:43:40.209] [ERROR] error - JsonWebTokenError: jwt must be provided
    at Object.module.exports [as verify] (/Users/yinghuanzhang/Vite/manger-Server/node_modules/jsonwebtoken/verify.js:60:17)
    at /Users/yinghuanzhang/Vite/manger-Server/app.js:44:20
    at dispatch (/Users/yinghuanzhang/Vite/manger-Server/node_modules/koa-router/node_modules/koa-compose/index.js:44:32)
    at next (/Users/yinghuanzhang/Vite/manger-Server/node_modules/koa-router/node_modules/koa-compose/index.js:45:18)
    at /Users/yinghuanzhang/Vite/manger-Server/node_modules/koa-router/lib/router.js:346:16
    at dispatch (/Users/yinghuanzhang/Vite/manger-Server/node_modules/koa-router/node_modules/koa-compose/index.js:44:32)
    at /Users/yinghuanzhang/Vite/manger-Server/node_modules/koa-router/node_modules/koa-compose/index.js:36:12
    at dispatch (/Users/yinghuanzhang/Vite/manger-Server/node_modules/koa-router/lib/router.js:351:31)
    at dispatch (/Users/yinghuanzhang/Vite/manger-Server/node_modules/koa-compose/index.js:42:32)
    at dispatch (/Users/yinghuanzhang/Vite/manger-Server/node_modules/koa-router/lib/router.js:332:32)
    at dispatch (/Users/yinghuanzhang/Vite/manger-Server/node_modules/koa-compose/index.js:42:32)
    at /Users/yinghuanzhang/Vite/manger-Server/app.js:35:9
    at dispatch (/Users/yinghuanzhang/Vite/manger-Server/node_modules/koa-compose/index.js:42:32)
    at views (/Users/yinghuanzhang/Vite/manger-Server/node_modules/koa-views/src/index.js:91:12)
    at dispatch (/Users/yinghuanzhang/Vite/manger-Server/node_modules/koa-compose/index.js:42:32)
    at serve (/Users/yinghuanzhang/Vite/manger-Server/node_modules/koa-static/index.js:53:15)
[2023-03-07T09:47:54.394] [ERROR] error - JsonWebTokenError: jwt must be provided
    at Object.module.exports [as verify] (/Users/yinghuanzhang/Vite/manger-Server/node_modules/jsonwebtoken/verify.js:60:17)
    at /Users/yinghuanzhang/Vite/manger-Server/app.js:44:20
    at dispatch (/Users/yinghuanzhang/Vite/manger-Server/node_modules/koa-router/node_modules/koa-compose/index.js:44:32)
    at next (/Users/yinghuanzhang/Vite/manger-Server/node_modules/koa-router/node_modules/koa-compose/index.js:45:18)
    at /Users/yinghuanzhang/Vite/manger-Server/node_modules/koa-router/lib/router.js:346:16
    at dispatch (/Users/yinghuanzhang/Vite/manger-Server/node_modules/koa-router/node_modules/koa-compose/index.js:44:32)
    at /Users/yinghuanzhang/Vite/manger-Server/node_modules/koa-router/node_modules/koa-compose/index.js:36:12
    at dispatch (/Users/yinghuanzhang/Vite/manger-Server/node_modules/koa-router/lib/router.js:351:31)
    at dispatch (/Users/yinghuanzhang/Vite/manger-Server/node_modules/koa-compose/index.js:42:32)
    at dispatch (/Users/yinghuanzhang/Vite/manger-Server/node_modules/koa-router/lib/router.js:332:32)
    at dispatch (/Users/yinghuanzhang/Vite/manger-Server/node_modules/koa-compose/index.js:42:32)
    at /Users/yinghuanzhang/Vite/manger-Server/app.js:35:9
    at dispatch (/Users/yinghuanzhang/Vite/manger-Server/node_modules/koa-compose/index.js:42:32)
    at views (/Users/yinghuanzhang/Vite/manger-Server/node_modules/koa-views/src/index.js:91:12)
    at dispatch (/Users/yinghuanzhang/Vite/manger-Server/node_modules/koa-compose/index.js:42:32)
    at serve (/Users/yinghuanzhang/Vite/manger-Server/node_modules/koa-static/index.js:53:15)
[2023-03-07T09:53:55.223] [ERROR] error - JsonWebTokenError: jwt must be provided
    at Object.module.exports [as verify] (/Users/yinghuanzhang/Vite/manger-Server/node_modules/jsonwebtoken/verify.js:60:17)
    at /Users/yinghuanzhang/Vite/manger-Server/app.js:43:20
    at dispatch (/Users/yinghuanzhang/Vite/manger-Server/node_modules/koa-router/node_modules/koa-compose/index.js:44:32)
    at next (/Users/yinghuanzhang/Vite/manger-Server/node_modules/koa-router/node_modules/koa-compose/index.js:45:18)
    at /Users/yinghuanzhang/Vite/manger-Server/node_modules/koa-router/lib/router.js:346:16
    at dispatch (/Users/yinghuanzhang/Vite/manger-Server/node_modules/koa-router/node_modules/koa-compose/index.js:44:32)
    at /Users/yinghuanzhang/Vite/manger-Server/node_modules/koa-router/node_modules/koa-compose/index.js:36:12
    at dispatch (/Users/yinghuanzhang/Vite/manger-Server/node_modules/koa-router/lib/router.js:351:31)
    at dispatch (/Users/yinghuanzhang/Vite/manger-Server/node_modules/koa-compose/index.js:42:32)
    at dispatch (/Users/yinghuanzhang/Vite/manger-Server/node_modules/koa-router/lib/router.js:332:32)
    at dispatch (/Users/yinghuanzhang/Vite/manger-Server/node_modules/koa-compose/index.js:42:32)
    at /Users/yinghuanzhang/Vite/manger-Server/app.js:35:9
    at dispatch (/Users/yinghuanzhang/Vite/manger-Server/node_modules/koa-compose/index.js:42:32)
    at views (/Users/yinghuanzhang/Vite/manger-Server/node_modules/koa-views/src/index.js:91:12)
    at dispatch (/Users/yinghuanzhang/Vite/manger-Server/node_modules/koa-compose/index.js:42:32)
    at serve (/Users/yinghuanzhang/Vite/manger-Server/node_modules/koa-static/index.js:53:15)
[2023-03-07T09:55:39.991] [ERROR] error - JsonWebTokenError: jwt must be provided
    at Object.module.exports [as verify] (/Users/yinghuanzhang/Vite/manger-Server/node_modules/jsonwebtoken/verify.js:60:17)
    at /Users/yinghuanzhang/Vite/manger-Server/app.js:43:20
    at dispatch (/Users/yinghuanzhang/Vite/manger-Server/node_modules/koa-router/node_modules/koa-compose/index.js:44:32)
    at next (/Users/yinghuanzhang/Vite/manger-Server/node_modules/koa-router/node_modules/koa-compose/index.js:45:18)
    at /Users/yinghuanzhang/Vite/manger-Server/node_modules/koa-router/lib/router.js:346:16
    at dispatch (/Users/yinghuanzhang/Vite/manger-Server/node_modules/koa-router/node_modules/koa-compose/index.js:44:32)
    at /Users/yinghuanzhang/Vite/manger-Server/node_modules/koa-router/node_modules/koa-compose/index.js:36:12
    at dispatch (/Users/yinghuanzhang/Vite/manger-Server/node_modules/koa-router/lib/router.js:351:31)
    at dispatch (/Users/yinghuanzhang/Vite/manger-Server/node_modules/koa-compose/index.js:42:32)
    at dispatch (/Users/yinghuanzhang/Vite/manger-Server/node_modules/koa-router/lib/router.js:332:32)
    at dispatch (/Users/yinghuanzhang/Vite/manger-Server/node_modules/koa-compose/index.js:42:32)
    at /Users/yinghuanzhang/Vite/manger-Server/app.js:35:9
    at dispatch (/Users/yinghuanzhang/Vite/manger-Server/node_modules/koa-compose/index.js:42:32)
    at views (/Users/yinghuanzhang/Vite/manger-Server/node_modules/koa-views/src/index.js:91:12)
    at dispatch (/Users/yinghuanzhang/Vite/manger-Server/node_modules/koa-compose/index.js:42:32)
    at serve (/Users/yinghuanzhang/Vite/manger-Server/node_modules/koa-static/index.js:53:15)
